current directory: /Users/mattbrisbin/Documents/projects/pouroverconcepts.github.io/long-haul/_vendor/ruby/3.3.0/gems/bigdecimal-3.1.8/ext/bigdecimal
/Users/mattbrisbin/.rubies/ruby-3.3.5/bin/ruby extconf.rb
checking for __builtin_clz()... yes
checking for __builtin_clzl()... yes
checking for __builtin_clzll()... yes
checking for float.h... yes
checking for math.h... yes
checking for stdbool.h... yes
checking for stdlib.h... yes
checking for x86intrin.h... no
checking for _lzcnt_u32() in x86intrin.h... no
checking for _lzcnt_u64() in x86intrin.h... no
checking for intrin.h... no
checking for __lzcnt() in intrin.h... no
checking for __lzcnt64() in intrin.h... no
checking for _BitScanReverse() in intrin.h... no
checking for _BitScanReverse64() in intrin.h... no
checking for labs() in stdlib.h... yes
checking for llabs() in stdlib.h... yes
checking for finite() in math.h... no
checking for isfinite() in math.h... no
checking for ruby/atomic.h... yes
checking for ruby/internal/has/builtin.h... yes
checking for ruby/internal/static_assert.h... yes
checking for rb_rational_num() in ruby.h... yes
checking for rb_rational_den() in ruby.h... yes
checking for rb_complex_real() in ruby.h... yes
checking for rb_complex_imag() in ruby.h... yes
checking for rb_opts_exception_p() in ruby.h... yes
checking for rb_category_warn() in ruby.h... yes
checking for RB_WARN_CATEGORY_DEPRECATED in ruby.h... yes
creating Makefile

current directory: /Users/mattbrisbin/Documents/projects/pouroverconcepts.github.io/long-haul/_vendor/ruby/3.3.0/gems/bigdecimal-3.1.8/ext/bigdecimal
make DESTDIR\= sitearchdir\=./.gem.20241121-78265-efq2tt sitelibdir\=./.gem.20241121-78265-efq2tt clean

current directory: /Users/mattbrisbin/Documents/projects/pouroverconcepts.github.io/long-haul/_vendor/ruby/3.3.0/gems/bigdecimal-3.1.8/ext/bigdecimal
make DESTDIR\= sitearchdir\=./.gem.20241121-78265-efq2tt sitelibdir\=./.gem.20241121-78265-efq2tt
compiling bigdecimal.c
compiling missing.c
linking shared-object bigdecimal.bundle

current directory: /Users/mattbrisbin/Documents/projects/pouroverconcepts.github.io/long-haul/_vendor/ruby/3.3.0/gems/bigdecimal-3.1.8/ext/bigdecimal
make DESTDIR\= sitearchdir\=./.gem.20241121-78265-efq2tt sitelibdir\=./.gem.20241121-78265-efq2tt install
/usr/bin/install -c -m 0755 bigdecimal.bundle ./.gem.20241121-78265-efq2tt

current directory: /Users/mattbrisbin/Documents/projects/pouroverconcepts.github.io/long-haul/_vendor/ruby/3.3.0/gems/bigdecimal-3.1.8/ext/bigdecimal
make DESTDIR\= sitearchdir\=./.gem.20241121-78265-efq2tt sitelibdir\=./.gem.20241121-78265-efq2tt clean
