current directory: /Users/mattbrisbin/Documents/projects/pouroverconcepts.github.io/long-haul/_vendor/ruby/3.3.0/gems/ffi-1.15.5/ext/ffi_c
/Users/mattbrisbin/.rubies/ruby-3.3.5/bin/ruby extconf.rb
checking for pkg-config for libffi... ["-I/Library/Developer/CommandLineTools/SDKs/MacOSX14.sdk/usr/include/ffi ", "-L/usr/lib", "-lffi"]
checking for ffi_prep_closure_loc() in -lffi... yes
checking for ffi_prep_cif_var()... yes
checking for ffi_raw_call()... yes
checking for ffi_prep_raw_closure()... yes
checking for whether -pthread is accepted as LDFLAGS... yes
creating extconf.h
creating Makefile

current directory: /Users/mattbrisbin/Documents/projects/pouroverconcepts.github.io/long-haul/_vendor/ruby/3.3.0/gems/ffi-1.15.5/ext/ffi_c
make DESTDIR\= sitearchdir\=./.gem.20241121-76755-8jhpfo sitelibdir\=./.gem.20241121-76755-8jhpfo clean

current directory: /Users/mattbrisbin/Documents/projects/pouroverconcepts.github.io/long-haul/_vendor/ruby/3.3.0/gems/ffi-1.15.5/ext/ffi_c
make DESTDIR\= sitearchdir\=./.gem.20241121-76755-8jhpfo sitelibdir\=./.gem.20241121-76755-8jhpfo
compiling AbstractMemory.c
compiling ArrayType.c
compiling Buffer.c
compiling Call.c
compiling ClosurePool.c
compiling DynamicLibrary.c
compiling Function.c
compiling FunctionInfo.c
compiling LastError.c
compiling LongDouble.c
compiling MappedType.c
compiling MemoryPointer.c
compiling MethodHandle.c
compiling Platform.c
compiling Pointer.c
compiling Struct.c
compiling StructByValue.c
compiling StructLayout.c
compiling Thread.c
compiling Type.c
compiling Types.c
compiling Variadic.c
compiling ffi.c
linking shared-object ffi_c.bundle
ld: warning: ignoring duplicate libraries: '-lffi'

current directory: /Users/mattbrisbin/Documents/projects/pouroverconcepts.github.io/long-haul/_vendor/ruby/3.3.0/gems/ffi-1.15.5/ext/ffi_c
make DESTDIR\= sitearchdir\=./.gem.20241121-76755-8jhpfo sitelibdir\=./.gem.20241121-76755-8jhpfo install
/usr/bin/install -c -m 0755 ffi_c.bundle ./.gem.20241121-76755-8jhpfo

current directory: /Users/mattbrisbin/Documents/projects/pouroverconcepts.github.io/long-haul/_vendor/ruby/3.3.0/gems/ffi-1.15.5/ext/ffi_c
make DESTDIR\= sitearchdir\=./.gem.20241121-76755-8jhpfo sitelibdir\=./.gem.20241121-76755-8jhpfo clean
